{
  "RSpec": {
    "coverage": {
      "/home/erkka/ratebeer/app/helpers/application_helper.rb": {
        "lines": [
          1,
          null
        ]
      },
      "/home/erkka/ratebeer/app/helpers/beer_clubs_helper.rb": {
        "lines": [
          1,
          null
        ]
      },
      "/home/erkka/ratebeer/app/helpers/beers_helper.rb": {
        "lines": [
          1,
          null
        ]
      },
      "/home/erkka/ratebeer/app/helpers/breweries_helper.rb": {
        "lines": [
          1,
          null
        ]
      },
      "/home/erkka/ratebeer/app/helpers/memberships_helper.rb": {
        "lines": [
          1,
          null
        ]
      },
      "/home/erkka/ratebeer/app/helpers/users_helper.rb": {
        "lines": [
          1,
          null
        ]
      },
      "/home/erkka/ratebeer/app/models/beer.rb": {
        "lines": [
          1,
          1,
          1,
          1,
          1,
          null,
          1,
          1,
          null,
          1,
          0,
          null,
          0,
          null,
          null,
          1,
          21,
          null,
          null
        ]
      },
      "/home/erkka/ratebeer/app/models/application_record.rb": {
        "lines": [
          1,
          1,
          null
        ]
      },
      "/home/erkka/ratebeer/app/models/concerns/rating_average.rb": {
        "lines": [
          1,
          1,
          null,
          1,
          19,
          null,
          null
        ]
      },
      "/home/erkka/ratebeer/app/models/user.rb": {
        "lines": [
          1,
          1,
          null,
          1,
          null,
          1,
          1,
          null,
          1,
          1,
          null,
          1,
          null,
          null,
          1,
          null,
          null,
          1,
          3,
          null,
          2,
          null,
          null,
          1,
          24,
          null,
          26,
          null,
          13,
          46,
          46,
          null,
          null,
          26,
          null,
          null,
          1,
          24,
          null,
          26,
          null,
          13,
          46,
          46,
          46,
          null,
          null,
          26,
          null,
          null,
          1,
          0,
          null,
          null
        ]
      },
      "/home/erkka/ratebeer/app/models/brewery.rb": {
        "lines": [
          1,
          1,
          1,
          1,
          null,
          1,
          null,
          1,
          null,
          null,
          null,
          1,
          24,
          null,
          null
        ]
      },
      "/home/erkka/ratebeer/app/controllers/sessions_controller.rb": {
        "lines": [
          1,
          1,
          null,
          null,
          1,
          10,
          null,
          10,
          9,
          9,
          null,
          1,
          null,
          null,
          null,
          1,
          null,
          0,
          null,
          null,
          0,
          null,
          null
        ]
      },
      "/home/erkka/ratebeer/app/controllers/application_controller.rb": {
        "lines": [
          1,
          1,
          null,
          1,
          132,
          null,
          110,
          null,
          null,
          1,
          7,
          null,
          null
        ]
      },
      "/home/erkka/ratebeer/app/controllers/users_controller.rb": {
        "lines": [
          1,
          1,
          null,
          null,
          1,
          0,
          null,
          null,
          null,
          1,
          null,
          null,
          null,
          1,
          1,
          null,
          null,
          null,
          1,
          null,
          null,
          null,
          1,
          1,
          null,
          1,
          1,
          2,
          1,
          null,
          0,
          0,
          null,
          null,
          null,
          null,
          null,
          1,
          0,
          0,
          0,
          0,
          null,
          0,
          0,
          null,
          null,
          null,
          null,
          null,
          1,
          0,
          null,
          0,
          0,
          0,
          0,
          0,
          null,
          0,
          0,
          0,
          null,
          null,
          null,
          1,
          null,
          null,
          1,
          16,
          null,
          null,
          null,
          1,
          1,
          null,
          null
        ]
      },
      "/home/erkka/ratebeer/app/models/rating.rb": {
        "lines": [
          1,
          1,
          1,
          null,
          1,
          null,
          null,
          null
        ]
      },
      "/home/erkka/ratebeer/app/models/membership.rb": {
        "lines": [
          1,
          1,
          1,
          null
        ]
      },
      "/home/erkka/ratebeer/app/models/beer_club.rb": {
        "lines": [
          1,
          1,
          1,
          null,
          1,
          0,
          null,
          null
        ]
      },
      "/home/erkka/ratebeer/app/controllers/beers_controller.rb": {
        "lines": [
          1,
          1,
          1,
          1,
          null,
          1,
          1,
          null,
          null,
          null,
          1,
          null,
          null,
          1,
          4,
          4,
          null,
          null,
          null,
          1,
          2,
          null,
          null,
          1,
          null,
          null,
          null,
          1,
          2,
          null,
          2,
          2,
          2,
          1,
          null,
          2,
          1,
          null,
          null,
          null,
          null,
          null,
          1,
          0,
          0,
          0,
          0,
          null,
          0,
          0,
          null,
          null,
          null,
          null,
          null,
          1,
          0,
          null,
          0,
          0,
          0,
          null,
          null,
          null,
          1,
          null,
          null,
          1,
          0,
          null,
          null,
          null,
          1,
          2,
          null,
          null
        ]
      },
      "/home/erkka/ratebeer/app/controllers/breweries_controller.rb": {
        "lines": [
          1,
          1,
          1,
          null,
          1,
          3,
          null,
          null,
          null,
          1,
          null,
          null,
          null,
          1,
          0,
          null,
          null,
          null,
          1,
          null,
          null,
          null,
          1,
          0,
          null,
          0,
          0,
          0,
          0,
          null,
          0,
          0,
          null,
          null,
          null,
          null,
          null,
          1,
          0,
          0,
          0,
          0,
          null,
          0,
          0,
          null,
          null,
          null,
          null,
          null,
          1,
          0,
          null,
          0,
          0,
          0,
          null,
          null,
          null,
          1,
          null,
          null,
          1,
          1,
          null,
          null,
          null,
          1,
          0,
          null,
          null,
          null
        ]
      },
      "/home/erkka/ratebeer/app/controllers/ratings_controller.rb": {
        "lines": [
          1,
          null,
          1,
          null,
          1,
          1,
          null,
          null,
          1,
          1,
          1,
          null,
          null,
          1,
          1,
          1,
          null,
          1,
          1,
          null,
          0,
          0,
          null,
          null,
          null,
          1,
          1,
          1,
          1,
          null,
          null
        ]
      },
      "/home/erkka/ratebeer/app/channels/application_cable/channel.rb": {
        "lines": [
          0,
          0,
          0,
          0
        ],
        "branches": {
        }
      },
      "/home/erkka/ratebeer/app/channels/application_cable/connection.rb": {
        "lines": [
          0,
          0,
          0,
          0
        ],
        "branches": {
        }
      },
      "/home/erkka/ratebeer/app/controllers/beer_clubs_controller.rb": {
        "lines": [
          0,
          0,
          0,
          null,
          0,
          0,
          0,
          null,
          null,
          0,
          0,
          null,
          null,
          0,
          0,
          0,
          null,
          null,
          0,
          0,
          null,
          null,
          0,
          0,
          null,
          0,
          0,
          0,
          0,
          0,
          0,
          0,
          0,
          0,
          0,
          null,
          null,
          0,
          0,
          0,
          0,
          0,
          0,
          0,
          0,
          0,
          0,
          0,
          null,
          null,
          0,
          0,
          null,
          0,
          0,
          0,
          0,
          0,
          null,
          0,
          null,
          null,
          0,
          0,
          0,
          null,
          null,
          0,
          0,
          0,
          0
        ],
        "branches": {
        }
      },
      "/home/erkka/ratebeer/app/controllers/memberships_controller.rb": {
        "lines": [
          0,
          0,
          null,
          null,
          0,
          0,
          0,
          null,
          null,
          0,
          0,
          null,
          null,
          0,
          0,
          0,
          0,
          null,
          null,
          0,
          0,
          null,
          null,
          0,
          0,
          0,
          null,
          0,
          0,
          0,
          0,
          0,
          0,
          0,
          0,
          0,
          0,
          null,
          null,
          0,
          0,
          0,
          0,
          0,
          0,
          0,
          0,
          0,
          0,
          0,
          null,
          null,
          0,
          0,
          null,
          0,
          0,
          0,
          0,
          0,
          null,
          0,
          null,
          null,
          0,
          0,
          0,
          null,
          null,
          0,
          0,
          0,
          0
        ],
        "branches": {
        }
      },
      "/home/erkka/ratebeer/app/jobs/application_job.rb": {
        "lines": [
          0,
          null,
          null,
          null,
          null,
          null,
          0
        ],
        "branches": {
        }
      },
      "/home/erkka/ratebeer/app/mailers/application_mailer.rb": {
        "lines": [
          0,
          0,
          0,
          0
        ],
        "branches": {
        }
      }
    },
    "timestamp": 1663786889
  }
}
